********************************************************************************
product = WebSphere Application Server 18.0.0.2 (wlp-1.0.21.cl180220180619-0403)
wlp.install.dir = /Users/mahamatoumar/Downloads/untitled folder/Senior Year/Fall/Organization of Programming Langages/Morphyfy/WAS Liberty/
java.home = /Library/Java/JavaVirtualMachines/jdk1.8.0_191.jdk/Contents/Home/jre
java.version = 1.8.0_191
java.runtime = Java(TM) SE Runtime Environment (1.8.0_191-b12)
os = Mac OS X (10.14.6; x86_64) (en_US)
process = 84950@Mahamats-MacBook-Pro.local
********************************************************************************
[8/21/19 1:13:02:538 EDT] 00000001 com.ibm.ws.kernel.launch.internal.FrameworkManager           A CWWKE0001I: The server defaultServer has been launched.
[8/21/19 1:13:02:558 EDT] 00000001 com.ibm.ws.kernel.launch.internal.FrameworkManager           A CWWKE0100I: This product is licensed for development, and limited production use. The full license terms can be viewed here: https://public.dhe.ibm.com/ibmdl/export/pub/software/websphere/wasdev/license/base_ilan/ilan/18.0.0.2/lafiles/en.html
[8/21/19 1:13:04:621 EDT] 00000001 com.ibm.ws.kernel.launch.internal.FrameworkManager           I CWWKE0002I: The kernel started after 2.522 seconds
[8/21/19 1:13:04:839 EDT] 00000019 com.ibm.ws.kernel.feature.internal.FeatureManager            I CWWKF0007I: Feature update started.
[8/21/19 1:13:06:498 EDT] 00000012 com.ibm.ws.app.manager.internal.monitor.DropinMonitor        A CWWKZ0058I: Monitoring dropins for applications.
[8/21/19 1:13:06:511 EDT] 0000001f com.ibm.ws.tcpchannel.internal.TCPChannel                    I CWWKO0219I: TCP Channel defaultHttpEndpoint has been started and is now listening for requests on host localhost  (IPv4: 127.0.0.1) port 9080.
[8/21/19 1:13:06:968 EDT] 00000025 com.ibm.ws.app.manager.AppMessageHelper                      I CWWKZ0018I: Starting application morphyfy.
[8/21/19 1:13:08:494 EDT] 00000025 com.ibm.ws.session.WASSessionCore                            I SESN8501I: The session manager did not find a persistent storage location; HttpSession objects will be stored in the local application server's memory.
[8/21/19 1:13:08:510 EDT] 00000025 com.ibm.ws.webcontainer.osgi.webapp.WebGroup                 I SRVE0169I: Loading Web Module: morphyfy.
[8/21/19 1:13:08:514 EDT] 00000025 com.ibm.ws.webcontainer                                      I SRVE0250I: Web Module morphyfy has been bound to default_host.
[8/21/19 1:13:08:515 EDT] 00000025 com.ibm.ws.http.internal.VirtualHostImpl                     A CWWKT0016I: Web application available (default_host): http://localhost:9080/morphyfy/
[8/21/19 1:13:08:526 EDT] 00000025 com.ibm.ws.app.manager.AppMessageHelper                      A CWWKZ0001I: Application morphyfy started in 1.558 seconds.
[8/21/19 1:13:08:603 EDT] 00000019 com.ibm.ws.kernel.feature.internal.FeatureManager            A CWWKF0012I: The server installed the following features: [jsp-2.3, servlet-3.1, json-1.0, localConnector-1.0, jaxrs-2.0, el-3.0, jaxrsClient-2.0].
[8/21/19 1:13:08:603 EDT] 00000019 com.ibm.ws.kernel.feature.internal.FeatureManager            I CWWKF0008I: Feature update completed in 3.983 seconds.
[8/21/19 1:13:08:663 EDT] 00000019 com.ibm.ws.kernel.feature.internal.FeatureManager            A CWWKF0011I: The server defaultServer is ready to run a smarter planet.
[8/21/19 1:13:09:215 EDT] 00000029 com.ibm.ws.webcontainer.osgi.mbeans.PluginGenerator          I SRVE9103I: A configuration file for a web server plugin was automatically generated for this server at /Users/mahamatoumar/Downloads/untitled folder/Senior Year/Fall/Organization of Programming Langages/Morphyfy/WAS Liberty/usr/servers/defaultServer/logs/state/plugin-cfg.xml.
[8/21/19 1:13:09:409 EDT] 00000027 com.ibm.ws.session.WASSessionCore                            I SESN0176I: A new session context will be created for application key default_host/morphyfy
[8/21/19 1:13:09:450 EDT] 00000027 com.ibm.ws.util                                              I SESN0172I: The session manager is using the Java default SecureRandom implementation for session ID generation.
[8/21/19 1:13:11:605 EDT] 00000027 com.ibm.ws.webcontainer.servlet                              I SRVE0242I: [morphyfy] [/morphyfy] [Jersey Web Application]: Initialization successful.
[8/21/19 1:14:50:100 EDT] 0000010c com.ibm.ws.runtime.update.internal.RuntimeUpdateManagerImpl  A CWWKE1100I: Waiting for up to 30 seconds for the server to quiesce.
[8/21/19 1:14:50:112 EDT] 0000010d com.ibm.ws.tcpchannel.internal.TCPChannel                    I CWWKO0220I: TCP Channel defaultHttpEndpoint has stopped listening for requests on host localhost  (IPv4: 127.0.0.1) port 9080.
[8/21/19 1:14:50:116 EDT] 0000010d com.ibm.ws.http.internal.VirtualHostImpl                     A CWWKT0017I: Web application removed (default_host): http://localhost:9080/morphyfy/
[8/21/19 1:14:50:120 EDT] 0000010c com.ibm.ws.runtime.update.internal.RuntimeUpdateManagerImpl  I CWWKE1101I: Server quiesce complete.
[8/21/19 1:14:50:199 EDT] 00000112 com.ibm.ws.webcontainer.servlet                              I SRVE0253I: [morphyfy] [/morphyfy] [Jersey Web Application]: Destroy successful.
[8/21/19 1:14:50:226 EDT] 00000112 com.ibm.ws.app.manager.AppMessageHelper                      A CWWKZ0009I: The application morphyfy has stopped successfully.
[8/21/19 1:14:50:659 EDT] 00000001 com.ibm.ws.kernel.launch.internal.FrameworkManager           A CWWKE0036I: The server defaultServer stopped after 1 minutes, 48.56 seconds.
